MOVE 1 6 10 11
INFORM 1 14 10
MOVE 1 6 11 12
INFORM 1 13 10
MOVE 1 3 18 19
INFORM 1 12 10
MOVE 1 3 19 20
INFORM 1 11 10
MOVE 1 7 28 29
INFORM 1 10 10
MOVE 1 7 29 30
INFORM 1 9 10
MOVE 1 3 20 21
INFORM 1 8 10
MOVE 1 2 9 10
INFORM 1 7 10
MOVE 1 2 10 11
INFORM 1 6 10
MOVE 1 4 27 18
INFORM 1 5 10
MOVE 1 4 18 19
INFORM 1 4 10
MOVE 1 4 19 20
INFORM 1 3 10
MOVE 1 5 36 27
INFORM 1 2 10
MOVE 1 5 27 28
INFORM 1 1 10
MOVE 1 5 28 29
INFORM 1 0 10
START 1
START 2
MOVE 2 7 34 33
INFORM 2 14 10
MOVE 2 7 33 32
INFORM 2 13 10
MOVE 2 7 32 31
INFORM 2 12 10
BLOOD 1 7 50 250 300
INFORM 2 11 10
MOVE 2 4 35 34
INFORM 2 10 10
MOVE 2 4 34 33
INFORM 2 9 10
MOVE 2 4 33 32
INFORM 2 8 10
MOVE 2 4 32 23
INFORM 2 7 10
MOVE 2 4 23 22
INFORM 2 6 10
BLOOD 1 6 78 272 350
BLOOD 1 7 78 172 300
BLOOD 1 3 58 442 500
BLOOD 1 4 78 272 350
BLOOD 1 2 78 222 300
BLOOD 1 5 78 272 350
INFORM 2 5 7
MOVE 2 6 16 15
INFORM 2 4 7
MOVE 2 6 15 14
INFORM 2 3 7
MOVE 2 6 14 13
INFORM 2 2 7
BLOOD 1 6 48 224 350
INFORM 2 1 5
START 2
START 1
INFORM 2 15 10
START 1
START 2
BLOOD 1 6 78 146 350
BLOOD 1 7 78 94 300
BLOOD 1 3 39 403 500
BLOOD 1 4 78 194 350
BLOOD 1 2 78 144 300
BLOOD 1 5 78 194 350
INFORM 2 14 7
START 2
START 1
INFORM 2 15 10
BLOOD 2 4 42 358 400
INFORM 1 14 8
START 1
START 2
BLOOD 1 6 78 68 350
BLOOD 1 7 78 16 300
BLOOD 1 3 39 364 500
BLOOD 1 4 78 116 350
BLOOD 1 2 78 66 300
BLOOD 1 5 78 116 350
INFORM 2 14 7
START 2
START 1
INFORM 2 15 10
BLOOD 2 4 42 316 400
INFORM 1 14 10
START 1
START 2
BLOOD 1 6 78 0 350
BLOOD 1 7 78 0 300
BLOOD 1 3 39 325 500
BLOOD 1 4 78 38 350
BLOOD 1 2 78 0 300
BLOOD 1 5 78 38 350
INFORM 2 14 7
START 2
START 1
INFORM 2 15 10
MOVE 1 1 0 9
INFORM 1 14 10
MOVE 1 1 9 18
INFORM 1 13 10
MOVE 1 1 18 9
INFORM 1 12 10
MOVE 1 1 9 10
INFORM 1 11 10
MOVE 1 1 10 11
INFORM 1 10 10
MOVE 1 1 11 12
INFORM 1 9 10
START 1
START 2
BLOOD 1 1 78 322 400
BLOOD 1 3 58 267 500
BLOOD 1 4 78 0 350
BLOOD 1 5 78 0 350
INFORM 2 14 7
START 2
START 1
INFORM 2 15 10
BLOOD 2 4 42 274 400
INFORM 1 14 10
START 1
START 2
BLOOD 1 1 78 244 400
BLOOD 1 3 39 228 500
INFORM 2 14 7
BLOOD 1 1 48 196 400
INFORM 2 13 7
START 2
START 1
INFORM 2 15 10
BLOOD 2 4 42 232 400
INFORM 1 14 10
START 1
START 2
BLOOD 1 1 78 118 400
BLOOD 1 3 39 189 500
INFORM 2 14 7
START 2
START 1
INFORM 2 15 10
BLOOD 2 4 42 190 400
INFORM 1 14 8
START 1
START 2
BLOOD 1 1 78 40 400
BLOOD 1 3 39 150 500
INFORM 2 14 7
BLOOD 1 1 48 0 400
INFORM 2 13 7
START 2
START 1
INFORM 2 15 10
BLOOD 2 4 42 148 400
INFORM 1 14 10
INFORM 1 14 10
START 1
START 2
BLOOD 1 3 39 111 500
INFORM 2 14 7
MOVE 2 4 22 23
INFORM 2 13 7
MOVE 2 6 13 22
INFORM 2 12 7
BLOOD 1 3 24 87 500
INFORM 2 11 7
MOVE 2 6 22 13
INFORM 2 10 7
MOVE 2 7 31 22
INFORM 2 9 7
BLOOD 1 3 25 62 500
INFORM 2 8 7
MOVE 2 7 22 31
INFORM 2 7 7
MOVE 2 7 31 32
INFORM 2 6 7
MOVE 2 5 44 43
INFORM 2 5 7
MOVE 2 5 43 42
INFORM 2 4 7
MOVE 2 5 42 41
INFORM 2 3 7
MOVE 2 5 41 40
INFORM 2 2 7
MOVE 2 5 40 31
INFORM 2 1 7
MOVE 2 5 31 22
INFORM 2 0 7
INFORM 2 0 7
START 2
START 1
INFORM 2 15 10
BLOOD 2 5 63 337 400
INFORM 1 14 10
START 1
START 2
BLOOD 1 3 36 26 500
INFORM 2 14 7
MOVE 2 5 22 31
INFORM 2 13 7
MOVE 2 4 23 22
INFORM 2 12 7
BLOOD 1 3 39 0 500
INFORM 2 11 4
START 1
MOVE 1 7 28 29
INFORM 1 14 10
MOVE 1 7 29 30
INFORM 1 13 10
MOVE 1 7 30 21
INFORM 1 12 10
MOVE 1 5 36 37
INFORM 1 11 10
MOVE 1 5 37 38
INFORM 1 10 10
MOVE 1 5 38 39
INFORM 1 9 10
MOVE 1 5 39 30
INFORM 1 8 10
MOVE 1 6 10 11
INFORM 1 7 10
MOVE 1 6 11 12
INFORM 1 6 10
MOVE 1 3 18 19
INFORM 1 5 10
MOVE 1 3 19 20
INFORM 1 4 10
MOVE 1 4 27 28
INFORM 1 3 10
MOVE 1 4 28 29
INFORM 1 2 10
MOVE 1 2 9 10
INFORM 1 1 10
MOVE 1 2 10 11
INFORM 1 0 10
FINISH 1
START 2
MOVE 2 7 34 33
INFORM 2 14 10
MOVE 2 7 33 32
INFORM 2 13 10
MOVE 2 7 32 31
INFORM 2 12 10
MOVE 2 4 35 34
INFORM 2 11 10
MOVE 2 4 34 33
INFORM 2 10 10
MOVE 2 4 33 32
INFORM 2 9 10
MOVE 2 4 32 23
INFORM 2 8 10
MOVE 2 4 23 22
INFORM 2 7 10
BLOOD 1 6 117 233 350
BLOOD 1 5 78 272 350
BLOOD 1 7 117 183 300
BLOOD 1 3 39 461 500
BLOOD 1 2 78 222 300
BLOOD 1 4 78 272 350
INFORM 2 6 7
MOVE 2 1 8 7
INFORM 2 5 7
MOVE 2 1 7 6
INFORM 2 4 7
MOVE 2 1 6 5
INFORM 2 3 7
MOVE 2 1 5 4
INFORM 2 2 7
MOVE 2 1 4 13
INFORM 2 1 7
BLOOD 1 6 84 149 350
BLOOD 1 2 84 138 300
INFORM 2 0 4
FINISH 2
START 1
INFORM 2 15 10
MOVE 1 1 0 9
INFORM 1 14 10
MOVE 1 1 9 10
INFORM 1 13 10
MOVE 1 1 10 1
INFORM 1 12 10
MOVE 1 1 1 2
INFORM 1 11 10
MOVE 1 1 2 3
INFORM 1 10 10
FINISH 1
START 2
BLOOD 1 6 78 71 350
BLOOD 1 5 78 194 350
BLOOD 1 3 39 422 500
BLOOD 1 2 78 60 300
BLOOD 1 4 78 194 350
INFORM 2 14 7
BLOOD 1 6 84 0 350
BLOOD 1 2 84 0 300
INFORM 2 13 4
MOVE 2 7 31 40
INFORM 2 12 4
MOVE 2 4 22 31
INFORM 2 11 4
MOVE 2 1 13 22
INFORM 2 10 4
FINISH 2
START 1
INFORM 2 15 10
MOVE 1 1 3 12
INFORM 1 14 10
FINISH 1
START 2
BLOOD 1 7 78 105 300
BLOOD 1 4 78 116 350
BLOOD 1 3 39 383 500
INFORM 2 14 7
BLOOD 1 7 84 21 300
BLOOD 1 3 42 341 500
INFORM 2 13 4
FINISH 2
START 1
INFORM 2 15 10
FINISH 1
START 2
BLOOD 1 7 78 0 300
BLOOD 1 5 78 116 350
BLOOD 1 4 78 38 350
BLOOD 1 3 39 302 500
INFORM 2 14 7
MOVE 2 1 22 21
INFORM 2 13 7
BLOOD 1 3 42 260 500
INFORM 2 12 4
FINISH 2
START 1
INFORM 2 15 10
FINISH 1
START 2
MOVE 2 1 21 22
INFORM 2 14 10
BLOOD 1 5 117 0 350
BLOOD 1 4 78 0 350
BLOOD 1 3 39 221 500
INFORM 2 13 7
MOVE 2 1 22 21
INFORM 2 12 7
BLOOD 1 3 42 179 500
INFORM 2 11 7
MOVE 2 1 21 22
INFORM 2 10 7
MOVE 2 7 40 39
INFORM 2 9 7
MOVE 2 7 39 30
INFORM 2 8 7
MOVE 2 7 30 21
INFORM 2 7 7
BLOOD 1 3 25 154 500
INFORM 2 6 7
MOVE 2 7 21 30
INFORM 2 5 7
MOVE 2 7 30 39
INFORM 2 4 7
INFORM 2 4 7
FINISH 2
START 1
INFORM 2 15 10
MOVE 1 1 12 21
INFORM 1 14 10
MOVE 1 1 21 30
INFORM 1 13 10
MOVE 1 3 20 21
INFORM 1 12 10
FINISH 1
START 2
BLOOD 1 3 39 115 500
BLOOD 1 1 117 283 400
INFORM 2 14 7
BLOOD 1 3 42 73 500
INFORM 2 13 4
MOVE 2 6 16 15
INFORM 2 12 4
MOVE 2 6 15 14
INFORM 2 11 4
MOVE 2 6 14 13
INFORM 2 10 4
MOVE 2 1 22 23
INFORM 2 9 4
MOVE 2 6 13 22
INFORM 2 8 4
BLOOD 1 3 5 68 500
INFORM 2 7 4
MOVE 2 6 22 13
INFORM 2 6 4
MOVE 2 2 17 16
INFORM 2 5 4
MOVE 2 2 16 15
INFORM 2 4 4
MOVE 2 2 15 14
INFORM 2 3 4
MOVE 2 1 23 24
INFORM 2 2 4
MOVE 2 2 14 23
INFORM 2 1 4
MOVE 2 2 23 22
INFORM 2 0 4
INFORM 2 0 4
FINISH 2
START 1
INFORM 2 15 10
FINISH 1
START 2
BLOOD 1 3 39 29 500
BLOOD 1 1 78 205 400
INFORM 2 14 7
BLOOD 1 3 17 12 500
INFORM 2 13 7
INFORM 2 13 7
MOVE 2 2 22 23
INFORM 2 12 7
MOVE 2 6 13 22
INFORM 2 11 7
BLOOD 1 3 20 0 500
INFORM 2 10 7
FINISH 2
START 1
INFORM 2 15 10
FINISH 1
START 2
BLOOD 1 1 78 127 400
INFORM 2 14 7
MOVE 2 4 31 32
INFORM 2 13 7
MOVE 2 6 22 31
INFORM 2 12 7
BLOOD 1 1 48 79 400
INFORM 2 11 5
MOVE 2 6 31 40
INFORM 2 10 5
MOVE 2 6 40 41
INFORM 2 9 5
MOVE 2 7 39 40
INFORM 2 8 5
MOVE 2 7 40 31
INFORM 2 7 5
BLOOD 1 1 60 19 400
INFORM 2 9 0
MOVE 2 7 31 22
INFORM 2 8 0
MOVE 2 7 22 21
INFORM 2 7 0
MOVE 2 2 23 22
INFORM 2 6 0
MOVE 2 2 22 31
INFORM 2 5 0
BLOOD 1 1 35 0 400
INFORM 2 4 0
END 1
