START 1
MOVE 1 7 28 29
INFORM 1 14 10
MOVE 1 7 29 30
INFORM 1 13 10
MOVE 1 7 30 21
INFORM 1 12 10
MOVE 1 4 27 28
INFORM 1 11 10
MOVE 1 4 28 29
INFORM 1 10 10
MOVE 1 4 29 30
INFORM 1 9 10
MOVE 1 5 36 37
INFORM 1 8 10
MOVE 1 5 37 38
INFORM 1 7 10
MOVE 1 5 38 29
INFORM 1 6 10
MOVE 1 3 18 19
INFORM 1 5 10
MOVE 1 3 19 20
INFORM 1 4 10
MOVE 1 6 10 11
INFORM 1 3 10
MOVE 1 6 11 12
INFORM 1 2 10
MOVE 1 2 9 10
INFORM 1 1 10
MOVE 1 2 10 11
INFORM 1 0 10
FINISH 1
START 2
INFORM 1 15 10
MOVE 2 7 34 43
INFORM 2 14 10
MOVE 2 7 43 42
INFORM 2 13 10
MOVE 2 7 42 41
INFORM 2 12 10
MOVE 2 4 35 34
INFORM 2 11 10
MOVE 2 4 34 33
INFORM 2 10 10
MOVE 2 4 33 32
INFORM 2 9 10
MOVE 2 4 32 23
INFORM 2 8 10
MOVE 2 4 23 22
INFORM 2 7 10
BLOOD 1 6 78 272 350
BLOOD 1 4 78 272 350
BLOOD 1 7 78 222 300
BLOOD 1 3 39 461 500
BLOOD 1 2 78 222 300
BLOOD 1 5 78 272 350
INFORM 2 6 7
MOVE 2 1 8 7
INFORM 2 5 7
MOVE 2 1 7 6
INFORM 2 4 7
MOVE 2 1 6 5
INFORM 2 3 7
MOVE 2 1 5 4
INFORM 2 2 7
MOVE 2 1 4 13
INFORM 2 1 7
BLOOD 1 2 84 138 300
INFORM 2 0 4
FINISH 2
START 1
MOVE 1 1 0 1
INFORM 1 14 10
MOVE 1 1 1 2
INFORM 1 13 10
MOVE 1 1 2 3
INFORM 1 12 10
FINISH 1
START 2
INFORM 1 15 10
BLOOD 1 6 78 194 350
BLOOD 1 4 78 194 350
BLOOD 1 7 78 144 300
BLOOD 1 3 39 422 500
BLOOD 1 2 117 21 300
BLOOD 1 5 78 194 350
INFORM 2 14 7
BLOOD 1 6 84 110 350
BLOOD 1 2 84 0 300
INFORM 2 13 4
FINISH 2
START 1
MOVE 1 1 3 2
INFORM 1 14 10
MOVE 1 1 2 11
INFORM 1 13 10
FINISH 1
START 2
INFORM 1 15 10
BLOOD 1 6 78 32 350
BLOOD 1 4 78 116 350
BLOOD 1 7 78 66 300
BLOOD 1 3 39 383 500
BLOOD 1 5 78 116 350
INFORM 2 14 7
BLOOD 1 6 84 0 350
BLOOD 1 1 84 316 400
INFORM 2 13 4
FINISH 2
START 1
MOVE 1 4 30 31
INFORM 1 14 10
MOVE 1 4 31 30
INFORM 1 13 10
FINISH 1
START 2
INFORM 1 15 10
BLOOD 1 4 78 38 350
BLOOD 1 7 78 0 300
BLOOD 1 3 39 344 500
BLOOD 1 1 78 238 400
BLOOD 1 5 78 38 350
INFORM 2 14 7
MOVE 2 1 13 14
INFORM 2 13 7
MOVE 2 1 14 23
INFORM 2 12 7
MOVE 2 1 23 32
INFORM 2 11 7
MOVE 2 1 32 31
INFORM 2 10 7
BLOOD 1 4 84 0 350
INFORM 2 9 4
FINISH 2
START 1
MOVE 1 5 29 30
INFORM 1 14 10
MOVE 1 3 20 21
INFORM 1 13 10
MOVE 1 1 11 12
INFORM 1 12 10
FINISH 1
START 2
INFORM 1 15 10
BLOOD 1 1 78 160 400
BLOOD 1 5 78 0 350
BLOOD 1 3 58 286 500
INFORM 2 14 7
MOVE 2 4 22 13
INFORM 2 13 7
MOVE 2 1 31 22
INFORM 2 12 7
BLOOD 1 3 42 244 500
INFORM 2 11 4
FINISH 2
START 1
MOVE 1 3 21 20
INFORM 1 14 10
MOVE 1 3 20 21
INFORM 1 13 10
MOVE 1 3 21 20
INFORM 1 12 10
MOVE 1 1 12 21
INFORM 1 11 10
FINISH 1
START 2
INFORM 1 15 10
BLOOD 1 1 84 76 400
BLOOD 1 3 42 202 500
INFORM 2 14 7
MOVE 2 1 22 23
INFORM 2 13 7
MOVE 2 4 13 22
INFORM 2 12 7
BLOOD 1 1 43 33 400
BLOOD 1 3 43 159 500
INFORM 2 11 4
MOVE 2 4 22 13
INFORM 2 10 4
MOVE 2 7 41 40
INFORM 2 9 4
MOVE 2 7 40 31
INFORM 2 8 4
MOVE 2 7 31 22
INFORM 2 7 4
BLOOD 1 1 15 18 400
INFORM 2 6 4
MOVE 2 7 22 31
INFORM 2 5 4
MOVE 2 7 31 32
INFORM 2 4 4
MOVE 2 3 26 25
INFORM 2 3 4
MOVE 2 3 25 24
INFORM 2 2 4
FINISH 2
START 1
MOVE 1 1 21 22
INFORM 1 14 10
MOVE 1 1 22 21
INFORM 1 13 10
FINISH 1
START 2
INFORM 1 15 10
MOVE 2 1 23 22
INFORM 2 14 10
BLOOD 1 1 84 0 400
BLOOD 1 3 42 117 500
INFORM 2 13 7
MOVE 2 4 13 12
INFORM 2 12 7
MOVE 2 4 12 21
INFORM 2 11 7
BLOOD 1 3 43 74 500
INFORM 2 10 4
MOVE 2 4 21 12
INFORM 2 9 4
MOVE 2 7 32 31
INFORM 2 8 4
MOVE 2 7 31 30
INFORM 2 7 4
MOVE 2 7 30 21
INFORM 2 6 4
BLOOD 1 3 15 59 500
INFORM 2 5 4
MOVE 2 7 21 30
INFORM 2 4 4
MOVE 2 7 30 31
INFORM 2 3 4
MOVE 2 3 24 23
INFORM 2 2 4
MOVE 2 3 23 32
INFORM 2 1 4
MOVE 2 3 32 41
INFORM 2 0 4
INFORM 2 0 4
FINISH 2
START 1
MOVE 1 3 20 21
INFORM 1 14 10
BLOOD 2 1 60 390 450
INFORM 1 13 10
FINISH 1
START 2
INFORM 1 15 10
INFORM 2 14 7
MOVE 2 1 22 23
INFORM 2 13 7
MOVE 2 4 12 13
INFORM 2 12 7
MOVE 2 4 13 22
INFORM 2 11 7
BLOOD 1 3 43 16 500
INFORM 2 10 4
MOVE 2 4 22 13
INFORM 2 9 4
MOVE 2 7 31 22
INFORM 2 8 4
BLOOD 1 3 15 1 500
INFORM 2 7 4
MOVE 2 7 22 31
INFORM 2 6 4
MOVE 2 7 31 30
INFORM 2 5 4
MOVE 2 3 41 40
INFORM 2 4 4
MOVE 2 3 40 31
INFORM 2 3 4
MOVE 2 3 31 22
INFORM 2 2 4
BLOOD 1 3 15 0 500
INFORM 2 1 4
END 2
